[0m12:20:04.563536 [debug] [MainThread]: Sending event: {'category': 'dbt', 'action': 'invocation', 'label': 'start', 'context': [<snowplow_tracker.self_describing_json.SelfDescribingJson object at 0x000002BD4256BD50>, <snowplow_tracker.self_describing_json.SelfDescribingJson object at 0x000002BD42528450>, <snowplow_tracker.self_describing_json.SelfDescribingJson object at 0x000002BD425826D0>]}


============================== 12:20:04.569081 | a6b70b46-9d30-4807-b735-a6aad2aeb2cb ==============================
[0m12:20:04.569081 [info ] [MainThread]: Running with dbt=1.11.2
[0m12:20:04.569081 [debug] [MainThread]: running dbt with arguments {'version_check': 'True', 'no_print': 'None', 'static_parser': 'True', 'target_path': 'None', 'warn_error_options': 'WarnErrorOptionsV2(error=[], warn=[], silence=[])', 'printer_width': '80', 'write_json': 'True', 'introspect': 'True', 'log_cache_events': 'False', 'empty': 'None', 'cache_selected_only': 'False', 'log_format': 'default', 'debug': 'False', 'fail_fast': 'False', 'partial_parse': 'True', 'send_anonymous_usage_stats': 'True', 'quiet': 'False', 'warn_error': 'None', 'profiles_dir': 'C:\\Users\\Ashish\\.dbt', 'indirect_selection': 'eager', 'use_colors': 'True', 'invocation_command': 'dbt init logistics_ae', 'use_experimental_parser': 'False', 'log_path': 'logs'}
[0m12:20:04.591336 [info ] [MainThread]: Creating dbt configuration folder at C:\Users\Ashish\.dbt
[0m12:20:04.594331 [debug] [MainThread]: Starter project path: C:\Users\Ashish\anaconda3\envs\ae_genai\Lib\site-packages\dbt\include\starter_project
[0m12:20:04.638519 [info ] [MainThread]: 
Your new dbt project "logistics_ae" was created!

For more information on how to configure the profiles.yml file,
please consult the dbt documentation here:

  https://docs.getdbt.com/docs/configure-your-profile

One more thing:

Need help? Don't hesitate to reach out to us via GitHub issues or on Slack:

  https://community.getdbt.com/

Happy modeling!

[0m12:20:04.639517 [info ] [MainThread]: Setting up your profile.
[0m12:21:26.590985 [debug] [MainThread]: Snowflake adapter: Setting snowflake.connector to ERROR (file logging only)
[0m12:21:26.591991 [debug] [MainThread]: Snowflake adapter: Setting botocore to ERROR (file logging only)
[0m12:21:26.593002 [debug] [MainThread]: Snowflake adapter: Setting boto3 to ERROR (file logging only)
[0m12:23:49.423512 [info ] [MainThread]: Profile logistics_ae written to C:\Users\Ashish\.dbt\profiles.yml using target's profile_template.yml and your supplied values. Run 'dbt debug' to validate the connection.
[0m12:23:49.427364 [debug] [MainThread]: Command `dbt init` succeeded at 12:23:49.425516 after 224.98 seconds
[0m12:23:49.428389 [debug] [MainThread]: Sending event: {'category': 'dbt', 'action': 'invocation', 'label': 'end', 'context': [<snowplow_tracker.self_describing_json.SelfDescribingJson object at 0x000002BD421D83D0>, <snowplow_tracker.self_describing_json.SelfDescribingJson object at 0x000002BD422BEF10>, <snowplow_tracker.self_describing_json.SelfDescribingJson object at 0x000002BD3B7B1910>]}
[0m12:23:49.428389 [debug] [MainThread]: Flushing usage events
[0m12:23:50.204552 [debug] [MainThread]: An error was encountered while trying to flush usage events
